[2020-12-22 20:56:58] INFO  org.springframework.boot.StartupInfoLogger 55 logStarting - Starting DemoApplication using Java 1.8.0_152 on DESKTOP-81GTVPD with PID 21452 (D:\code\java\work\springboot-template\target\classes started by oldwong in D:\code\java\work\springboot-template)
[2020-12-22 20:56:59] INFO  org.springframework.boot.SpringApplication 664 logStartupProfileInfo - The following profiles are active: dev
[2020-12-22 20:57:00] INFO  org.springframework.boot.web.embedded.tomcat.TomcatWebServer 108 initialize - Tomcat initialized with port(s): 8080 (http)
[2020-12-22 20:57:00] INFO  org.apache.juli.logging.DirectJDKLog 173 log - Starting service [Tomcat]
[2020-12-22 20:57:00] INFO  org.apache.juli.logging.DirectJDKLog 173 log - Starting Servlet engine: [Apache Tomcat/9.0.41]
[2020-12-22 20:57:00] INFO  org.apache.juli.logging.DirectJDKLog 173 log - Initializing Spring embedded WebApplicationContext
[2020-12-22 20:57:00] INFO  org.springframework.boot.web.servlet.context.ServletWebServerApplicationContext 289 prepareWebApplicationContext - Root WebApplicationContext: initialization completed in 1106 ms
[2020-12-22 20:57:00] INFO  org.springframework.scheduling.concurrent.ExecutorConfigurationSupport 181 initialize - Initializing ExecutorService 'applicationTaskExecutor'
[2020-12-22 20:57:01] INFO  org.springframework.boot.actuate.endpoint.web.EndpointLinksResolver 58 <init> - Exposing 2 endpoint(s) beneath base path '/actuator'
[2020-12-22 20:57:01] INFO  org.springframework.boot.web.embedded.tomcat.TomcatWebServer 220 start - Tomcat started on port(s): 8080 (http) with context path ''
[2020-12-22 20:57:01] INFO  org.springframework.boot.StartupInfoLogger 61 logStarted - Started DemoApplication in 2.677 seconds (JVM running for 4.124)
[2020-12-22 20:57:01] INFO  org.apache.juli.logging.DirectJDKLog 173 log - Initializing Spring DispatcherServlet 'dispatcherServlet'
[2020-12-22 20:57:01] INFO  org.springframework.web.servlet.FrameworkServlet 525 initServletBean - Initializing Servlet 'dispatcherServlet'
[2020-12-22 20:57:01] INFO  org.springframework.web.servlet.FrameworkServlet 547 initServletBean - Completed initialization in 2 ms
[2020-12-22 20:57:01] INFO  com.zaxxer.hikari.HikariDataSource 110 getConnection - HikariPool-1 - Starting...
[2020-12-22 20:58:26] INFO  org.springframework.boot.StartupInfoLogger 55 logStarting - Starting DemoApplication using Java 1.8.0_152 on DESKTOP-81GTVPD with PID 21260 (D:\code\java\work\springboot-template\target\classes started by oldwong in D:\code\java\work\springboot-template)
[2020-12-22 20:58:26] INFO  org.springframework.boot.SpringApplication 664 logStartupProfileInfo - The following profiles are active: dev
[2020-12-22 20:58:27] INFO  org.springframework.boot.web.embedded.tomcat.TomcatWebServer 108 initialize - Tomcat initialized with port(s): 8080 (http)
[2020-12-22 20:58:27] INFO  org.apache.juli.logging.DirectJDKLog 173 log - Starting service [Tomcat]
[2020-12-22 20:58:27] INFO  org.apache.juli.logging.DirectJDKLog 173 log - Starting Servlet engine: [Apache Tomcat/9.0.41]
[2020-12-22 20:58:27] INFO  org.apache.juli.logging.DirectJDKLog 173 log - Initializing Spring embedded WebApplicationContext
[2020-12-22 20:58:27] INFO  org.springframework.boot.web.servlet.context.ServletWebServerApplicationContext 289 prepareWebApplicationContext - Root WebApplicationContext: initialization completed in 1104 ms
[2020-12-22 20:58:28] INFO  org.springframework.scheduling.concurrent.ExecutorConfigurationSupport 181 initialize - Initializing ExecutorService 'applicationTaskExecutor'
[2020-12-22 20:58:28] INFO  org.springframework.boot.actuate.endpoint.web.EndpointLinksResolver 58 <init> - Exposing 2 endpoint(s) beneath base path '/actuator'
[2020-12-22 20:58:28] INFO  org.springframework.boot.web.embedded.tomcat.TomcatWebServer 220 start - Tomcat started on port(s): 8080 (http) with context path ''
[2020-12-22 20:58:28] INFO  org.springframework.boot.StartupInfoLogger 61 logStarted - Started DemoApplication in 2.71 seconds (JVM running for 4.137)
[2020-12-22 20:58:28] INFO  org.apache.juli.logging.DirectJDKLog 173 log - Initializing Spring DispatcherServlet 'dispatcherServlet'
[2020-12-22 20:58:28] INFO  org.springframework.web.servlet.FrameworkServlet 525 initServletBean - Initializing Servlet 'dispatcherServlet'
[2020-12-22 20:58:28] INFO  org.springframework.web.servlet.FrameworkServlet 547 initServletBean - Completed initialization in 2 ms
[2020-12-22 20:58:29] INFO  com.zaxxer.hikari.HikariDataSource 110 getConnection - HikariPool-1 - Starting...
[2020-12-22 21:01:37] INFO  org.springframework.boot.StartupInfoLogger 55 logStarting - Starting DemoApplication using Java 1.8.0_152 on DESKTOP-81GTVPD with PID 19420 (D:\code\java\work\springboot-template\target\classes started by oldwong in D:\code\java\work\springboot-template)
[2020-12-22 21:01:37] INFO  org.springframework.boot.SpringApplication 664 logStartupProfileInfo - The following profiles are active: dev
[2020-12-22 21:01:38] INFO  org.springframework.boot.web.embedded.tomcat.TomcatWebServer 108 initialize - Tomcat initialized with port(s): 8080 (http)
[2020-12-22 21:01:38] INFO  org.apache.juli.logging.DirectJDKLog 173 log - Starting service [Tomcat]
[2020-12-22 21:01:38] INFO  org.apache.juli.logging.DirectJDKLog 173 log - Starting Servlet engine: [Apache Tomcat/9.0.41]
[2020-12-22 21:01:38] INFO  org.apache.juli.logging.DirectJDKLog 173 log - Initializing Spring embedded WebApplicationContext
[2020-12-22 21:01:38] INFO  org.springframework.boot.web.servlet.context.ServletWebServerApplicationContext 289 prepareWebApplicationContext - Root WebApplicationContext: initialization completed in 1096 ms
[2020-12-22 21:01:38] INFO  org.springframework.scheduling.concurrent.ExecutorConfigurationSupport 181 initialize - Initializing ExecutorService 'applicationTaskExecutor'
[2020-12-22 21:01:39] INFO  org.springframework.boot.actuate.endpoint.web.EndpointLinksResolver 58 <init> - Exposing 2 endpoint(s) beneath base path '/actuator'
[2020-12-22 21:01:39] INFO  org.springframework.boot.web.embedded.tomcat.TomcatWebServer 220 start - Tomcat started on port(s): 8080 (http) with context path ''
[2020-12-22 21:01:39] INFO  org.springframework.boot.StartupInfoLogger 61 logStarted - Started DemoApplication in 2.577 seconds (JVM running for 3.997)
[2020-12-22 21:01:39] INFO  com.zaxxer.hikari.HikariDataSource 110 getConnection - HikariPool-1 - Starting...
[2020-12-22 21:01:39] INFO  org.apache.juli.logging.DirectJDKLog 173 log - Initializing Spring DispatcherServlet 'dispatcherServlet'
[2020-12-22 21:01:39] INFO  org.springframework.web.servlet.FrameworkServlet 525 initServletBean - Initializing Servlet 'dispatcherServlet'
[2020-12-22 21:01:39] INFO  org.springframework.web.servlet.FrameworkServlet 547 initServletBean - Completed initialization in 2 ms
[2020-12-22 21:02:43] INFO  org.springframework.boot.StartupInfoLogger 55 logStarting - Starting DemoApplication using Java 1.8.0_152 on DESKTOP-81GTVPD with PID 13708 (D:\code\java\work\springboot-template\target\classes started by oldwong in D:\code\java\work\springboot-template)
[2020-12-22 21:02:43] INFO  org.springframework.boot.SpringApplication 664 logStartupProfileInfo - The following profiles are active: dev
[2020-12-22 21:02:44] INFO  org.springframework.boot.web.embedded.tomcat.TomcatWebServer 108 initialize - Tomcat initialized with port(s): 8080 (http)
[2020-12-22 21:02:44] INFO  org.apache.juli.logging.DirectJDKLog 173 log - Starting service [Tomcat]
[2020-12-22 21:02:44] INFO  org.apache.juli.logging.DirectJDKLog 173 log - Starting Servlet engine: [Apache Tomcat/9.0.41]
[2020-12-22 21:02:44] INFO  org.apache.juli.logging.DirectJDKLog 173 log - Initializing Spring embedded WebApplicationContext
[2020-12-22 21:02:44] INFO  org.springframework.boot.web.servlet.context.ServletWebServerApplicationContext 289 prepareWebApplicationContext - Root WebApplicationContext: initialization completed in 1053 ms
[2020-12-22 21:02:45] INFO  org.springframework.scheduling.concurrent.ExecutorConfigurationSupport 181 initialize - Initializing ExecutorService 'applicationTaskExecutor'
[2020-12-22 21:02:45] INFO  org.springframework.boot.actuate.endpoint.web.EndpointLinksResolver 58 <init> - Exposing 2 endpoint(s) beneath base path '/actuator'
[2020-12-22 21:02:45] INFO  org.springframework.boot.web.embedded.tomcat.TomcatWebServer 220 start - Tomcat started on port(s): 8080 (http) with context path ''
[2020-12-22 21:02:45] INFO  org.springframework.boot.StartupInfoLogger 61 logStarted - Started DemoApplication in 2.515 seconds (JVM running for 3.961)
[2020-12-22 21:02:46] INFO  org.apache.juli.logging.DirectJDKLog 173 log - Initializing Spring DispatcherServlet 'dispatcherServlet'
[2020-12-22 21:02:46] INFO  org.springframework.web.servlet.FrameworkServlet 525 initServletBean - Initializing Servlet 'dispatcherServlet'
[2020-12-22 21:02:46] INFO  org.springframework.web.servlet.FrameworkServlet 547 initServletBean - Completed initialization in 3 ms
[2020-12-22 21:02:46] INFO  com.zaxxer.hikari.HikariDataSource 110 getConnection - HikariPool-1 - Starting...
[2020-12-22 21:02:46] INFO  com.zaxxer.hikari.HikariDataSource 123 getConnection - HikariPool-1 - Start completed.
[2020-12-22 21:05:52] INFO  org.springframework.boot.StartupInfoLogger 55 logStarting - Starting DemoApplication using Java 1.8.0_152 on DESKTOP-81GTVPD with PID 3116 (D:\code\java\work\springboot-template\target\classes started by oldwong in D:\code\java\work\springboot-template)
[2020-12-22 21:05:52] INFO  org.springframework.boot.SpringApplication 664 logStartupProfileInfo - The following profiles are active: dev
[2020-12-22 21:05:53] INFO  org.springframework.boot.web.embedded.tomcat.TomcatWebServer 108 initialize - Tomcat initialized with port(s): 8080 (http)
[2020-12-22 21:05:53] INFO  org.apache.juli.logging.DirectJDKLog 173 log - Starting service [Tomcat]
[2020-12-22 21:05:53] INFO  org.apache.juli.logging.DirectJDKLog 173 log - Starting Servlet engine: [Apache Tomcat/9.0.41]
[2020-12-22 21:05:53] INFO  org.apache.juli.logging.DirectJDKLog 173 log - Initializing Spring embedded WebApplicationContext
[2020-12-22 21:05:53] INFO  org.springframework.boot.web.servlet.context.ServletWebServerApplicationContext 289 prepareWebApplicationContext - Root WebApplicationContext: initialization completed in 1198 ms
[2020-12-22 21:05:53] INFO  org.springframework.scheduling.concurrent.ExecutorConfigurationSupport 181 initialize - Initializing ExecutorService 'applicationTaskExecutor'
[2020-12-22 21:05:54] INFO  org.springframework.boot.actuate.endpoint.web.EndpointLinksResolver 58 <init> - Exposing 2 endpoint(s) beneath base path '/actuator'
[2020-12-22 21:05:54] INFO  org.springframework.boot.web.embedded.tomcat.TomcatWebServer 220 start - Tomcat started on port(s): 8080 (http) with context path ''
[2020-12-22 21:05:54] INFO  org.springframework.boot.StartupInfoLogger 61 logStarted - Started DemoApplication in 2.606 seconds (JVM running for 4.037)
[2020-12-22 21:05:54] INFO  org.apache.juli.logging.DirectJDKLog 173 log - Initializing Spring DispatcherServlet 'dispatcherServlet'
[2020-12-22 21:05:54] INFO  org.springframework.web.servlet.FrameworkServlet 525 initServletBean - Initializing Servlet 'dispatcherServlet'
[2020-12-22 21:05:54] INFO  org.springframework.web.servlet.FrameworkServlet 547 initServletBean - Completed initialization in 2 ms
[2020-12-22 21:05:54] INFO  com.zaxxer.hikari.HikariDataSource 110 getConnection - HikariPool-1 - Starting...
[2020-12-22 21:05:54] INFO  com.zaxxer.hikari.HikariDataSource 123 getConnection - HikariPool-1 - Start completed.
[2020-12-22 21:07:45] INFO  org.springframework.boot.StartupInfoLogger 55 logStarting - Starting DemoApplication using Java 1.8.0_152 on DESKTOP-81GTVPD with PID 14536 (D:\code\java\work\springboot-template\target\classes started by oldwong in D:\code\java\work\springboot-template)
[2020-12-22 21:07:45] INFO  org.springframework.boot.SpringApplication 664 logStartupProfileInfo - The following profiles are active: dev
[2020-12-22 21:07:46] INFO  org.springframework.boot.web.embedded.tomcat.TomcatWebServer 108 initialize - Tomcat initialized with port(s): 8080 (http)
[2020-12-22 21:07:46] INFO  org.apache.juli.logging.DirectJDKLog 173 log - Starting service [Tomcat]
[2020-12-22 21:07:46] INFO  org.apache.juli.logging.DirectJDKLog 173 log - Starting Servlet engine: [Apache Tomcat/9.0.41]
[2020-12-22 21:07:47] INFO  org.apache.juli.logging.DirectJDKLog 173 log - Initializing Spring embedded WebApplicationContext
[2020-12-22 21:07:47] INFO  org.springframework.boot.web.servlet.context.ServletWebServerApplicationContext 289 prepareWebApplicationContext - Root WebApplicationContext: initialization completed in 1195 ms
[2020-12-22 21:07:47] INFO  org.springframework.scheduling.concurrent.ExecutorConfigurationSupport 181 initialize - Initializing ExecutorService 'applicationTaskExecutor'
[2020-12-22 21:07:47] INFO  org.springframework.boot.actuate.endpoint.web.EndpointLinksResolver 58 <init> - Exposing 2 endpoint(s) beneath base path '/actuator'
[2020-12-22 21:07:47] INFO  org.springframework.boot.web.embedded.tomcat.TomcatWebServer 220 start - Tomcat started on port(s): 8080 (http) with context path ''
[2020-12-22 21:07:47] INFO  org.springframework.boot.StartupInfoLogger 61 logStarted - Started DemoApplication in 2.666 seconds (JVM running for 4.106)
[2020-12-22 21:07:48] INFO  com.zaxxer.hikari.HikariDataSource 110 getConnection - HikariPool-1 - Starting...
[2020-12-22 21:07:48] INFO  com.zaxxer.hikari.HikariDataSource 123 getConnection - HikariPool-1 - Start completed.
[2020-12-22 21:07:48] INFO  org.apache.juli.logging.DirectJDKLog 173 log - Initializing Spring DispatcherServlet 'dispatcherServlet'
[2020-12-22 21:07:48] INFO  org.springframework.web.servlet.FrameworkServlet 525 initServletBean - Initializing Servlet 'dispatcherServlet'
[2020-12-22 21:07:48] INFO  org.springframework.web.servlet.FrameworkServlet 547 initServletBean - Completed initialization in 2 ms
[2020-12-22 21:08:48] INFO  org.springframework.boot.StartupInfoLogger 55 logStarting - Starting DemoApplication using Java 1.8.0_152 on DESKTOP-81GTVPD with PID 25080 (D:\code\java\work\springboot-template\target\classes started by oldwong in D:\code\java\work\springboot-template)
[2020-12-22 21:08:48] INFO  org.springframework.boot.SpringApplication 664 logStartupProfileInfo - The following profiles are active: dev
[2020-12-22 21:08:49] INFO  org.springframework.boot.web.embedded.tomcat.TomcatWebServer 108 initialize - Tomcat initialized with port(s): 8080 (http)
[2020-12-22 21:08:49] INFO  org.apache.juli.logging.DirectJDKLog 173 log - Starting service [Tomcat]
[2020-12-22 21:08:49] INFO  org.apache.juli.logging.DirectJDKLog 173 log - Starting Servlet engine: [Apache Tomcat/9.0.41]
[2020-12-22 21:08:49] INFO  org.apache.juli.logging.DirectJDKLog 173 log - Initializing Spring embedded WebApplicationContext
[2020-12-22 21:08:49] INFO  org.springframework.boot.web.servlet.context.ServletWebServerApplicationContext 289 prepareWebApplicationContext - Root WebApplicationContext: initialization completed in 1102 ms
[2020-12-22 21:08:50] INFO  org.springframework.scheduling.concurrent.ExecutorConfigurationSupport 181 initialize - Initializing ExecutorService 'applicationTaskExecutor'
[2020-12-22 21:08:50] INFO  org.springframework.boot.actuate.endpoint.web.EndpointLinksResolver 58 <init> - Exposing 2 endpoint(s) beneath base path '/actuator'
[2020-12-22 21:08:50] INFO  org.springframework.boot.web.embedded.tomcat.TomcatWebServer 220 start - Tomcat started on port(s): 8080 (http) with context path ''
[2020-12-22 21:08:50] INFO  org.springframework.boot.StartupInfoLogger 61 logStarted - Started DemoApplication in 3.023 seconds (JVM running for 4.429)
[2020-12-22 21:08:51] INFO  org.apache.juli.logging.DirectJDKLog 173 log - Initializing Spring DispatcherServlet 'dispatcherServlet'
[2020-12-22 21:08:51] INFO  org.springframework.web.servlet.FrameworkServlet 525 initServletBean - Initializing Servlet 'dispatcherServlet'
[2020-12-22 21:08:51] INFO  org.springframework.web.servlet.FrameworkServlet 547 initServletBean - Completed initialization in 3 ms
[2020-12-22 21:08:51] INFO  com.zaxxer.hikari.HikariDataSource 110 getConnection - HikariPool-1 - Starting...
[2020-12-22 21:08:51] INFO  com.zaxxer.hikari.HikariDataSource 123 getConnection - HikariPool-1 - Start completed.
